0 info it worked if it ends with ok
1 verbose cli [ '/usr/bin/node', '/usr/bin/npm', 'run', 'storybook' ]
2 info using npm@3.5.2
3 info using node@v8.10.0
4 verbose run-script [ 'prestorybook', 'storybook', 'poststorybook' ]
5 info lifecycle react-weather-cli@0.1.0~prestorybook: react-weather-cli@0.1.0
6 silly lifecycle react-weather-cli@0.1.0~prestorybook: no script for prestorybook, continuing
7 info lifecycle react-weather-cli@0.1.0~storybook: react-weather-cli@0.1.0
8 verbose lifecycle react-weather-cli@0.1.0~storybook: unsafe-perm in lifecycle true
9 verbose lifecycle react-weather-cli@0.1.0~storybook: PATH: /usr/share/npm/bin/node-gyp-bin:/home/robert/WebAppDev/web_npx_folder/react-weather-cli/node_modules/.bin:/home/robert/bin:/home/robert/.local/bin:/home/robert/bin:/home/robert/.local/bin:/usr/local/sbin:/usr/local/bin:/usr/sbin:/usr/bin:/sbin:/bin:/usr/games:/usr/local/games:/snap/bin
10 verbose lifecycle react-weather-cli@0.1.0~storybook: CWD: /home/robert/WebAppDev/web_npx_folder/react-weather-cli
11 silly lifecycle react-weather-cli@0.1.0~storybook: Args: [ '-c', 'start-storybook -p 9009 -s public' ]
12 silly lifecycle react-weather-cli@0.1.0~storybook: Returned: code: 130  signal: null
13 info lifecycle react-weather-cli@0.1.0~storybook: Failed to exec storybook script
14 verbose stack Error: react-weather-cli@0.1.0 storybook: `start-storybook -p 9009 -s public`
14 verbose stack Exit status 130
14 verbose stack     at EventEmitter.<anonymous> (/usr/share/npm/lib/utils/lifecycle.js:232:16)
14 verbose stack     at emitTwo (events.js:126:13)
14 verbose stack     at EventEmitter.emit (events.js:214:7)
14 verbose stack     at ChildProcess.<anonymous> (/usr/share/npm/lib/utils/spawn.js:24:14)
14 verbose stack     at emitTwo (events.js:126:13)
14 verbose stack     at ChildProcess.emit (events.js:214:7)
14 verbose stack     at maybeClose (internal/child_process.js:925:16)
14 verbose stack     at Process.ChildProcess._handle.onexit (internal/child_process.js:209:5)
15 verbose pkgid react-weather-cli@0.1.0
16 verbose cwd /home/robert/WebAppDev/web_npx_folder/react-weather-cli
17 error Linux 4.15.0-66-generic
18 error argv "/usr/bin/node" "/usr/bin/npm" "run" "storybook"
19 error node v8.10.0
20 error npm  v3.5.2
21 error code ELIFECYCLE
22 error react-weather-cli@0.1.0 storybook: `start-storybook -p 9009 -s public`
22 error Exit status 130
23 error Failed at the react-weather-cli@0.1.0 storybook script 'start-storybook -p 9009 -s public'.
23 error Make sure you have the latest version of node.js and npm installed.
23 error If you do, this is most likely a problem with the react-weather-cli package,
23 error not with npm itself.
23 error Tell the author that this fails on your system:
23 error     start-storybook -p 9009 -s public
23 error You can get information on how to open an issue for this project with:
23 error     npm bugs react-weather-cli
23 error Or if that isn't available, you can get their info via:
23 error     npm owner ls react-weather-cli
23 error There is likely additional logging output above.
24 verbose exit [ 1, true ]
